<?xml version="1.0" encoding="UTF-8"?>
<!-- Generated by org.testng.reporters.JUnitXMLReporter -->
<testsuite hostname="MacBook-Pro-Irina.local" name="Surefire test" tests="6" failures="0" timestamp="20 Sep 2016 15:16:15 GMT" time="66.923" errors="0">
  <testcase name="addAndDeleteItemsFromCart" time="6.61" classname="tests.CartTest"/>
  <testcase name="sendEmptyMassage" time="3.124" classname="tests.ContactUsFormTest"/>
  <testcase name="sendMessage" time="3.401" classname="tests.ContactUsFormTest"/>
  <testcase name="register" time="6.204" classname="tests.RegisterTest"/>
  <testcase name="catalogSearch" time="1.931" classname="tests.SearchTest"/>
  <testcase name="search" time="1.751" classname="tests.SearchTest"/>
</testsuite> <!-- Surefire test -->
